0 info it worked if it ends with ok
1 verbose cli [ '/Users/wg/.nvm/versions/node/v7.7.1/bin/node',
1 verbose cli   '/Users/wg/.nvm/versions/node/v7.7.1/bin/npm',
1 verbose cli   'run',
1 verbose cli   'build' ]
2 info using npm@4.1.2
3 info using node@v7.7.1
4 verbose run-script [ 'prebuild', 'build', 'postbuild' ]
5 info lifecycle simple-react-app@1.0.0~prebuild: simple-react-app@1.0.0
6 silly lifecycle simple-react-app@1.0.0~prebuild: no script for prebuild, continuing
7 info lifecycle simple-react-app@1.0.0~build: simple-react-app@1.0.0
8 verbose lifecycle simple-react-app@1.0.0~build: unsafe-perm in lifecycle true
9 verbose lifecycle simple-react-app@1.0.0~build: PATH: /Users/wg/.nvm/versions/node/v7.7.1/lib/node_modules/npm/bin/node-gyp-bin:/Users/wg/Desktop/simple-react-app/node_modules/.bin:/Users/wg/.nvm/versions/node/v7.7.1/bin:/usr/local/bin:/usr/bin:/bin:/usr/sbin:/sbin
10 verbose lifecycle simple-react-app@1.0.0~build: CWD: /Users/wg/Desktop/simple-react-app
11 silly lifecycle simple-react-app@1.0.0~build: Args: [ '-c',
11 silly lifecycle   'webpack --config webpack.prod.config.js -p --progress --colors' ]
12 silly lifecycle simple-react-app@1.0.0~build: Returned: code: 1  signal: null
13 info lifecycle simple-react-app@1.0.0~build: Failed to exec build script
14 verbose stack Error: simple-react-app@1.0.0 build: `webpack --config webpack.prod.config.js -p --progress --colors`
14 verbose stack Exit status 1
14 verbose stack     at EventEmitter.<anonymous> (/Users/wg/.nvm/versions/node/v7.7.1/lib/node_modules/npm/lib/utils/lifecycle.js:279:16)
14 verbose stack     at emitTwo (events.js:106:13)
14 verbose stack     at EventEmitter.emit (events.js:194:7)
14 verbose stack     at ChildProcess.<anonymous> (/Users/wg/.nvm/versions/node/v7.7.1/lib/node_modules/npm/lib/utils/spawn.js:40:14)
14 verbose stack     at emitTwo (events.js:106:13)
14 verbose stack     at ChildProcess.emit (events.js:194:7)
14 verbose stack     at maybeClose (internal/child_process.js:899:16)
14 verbose stack     at Process.ChildProcess._handle.onexit (internal/child_process.js:226:5)
15 verbose pkgid simple-react-app@1.0.0
16 verbose cwd /Users/wg/Desktop/simple-react-app
17 error Darwin 16.5.0
18 error argv "/Users/wg/.nvm/versions/node/v7.7.1/bin/node" "/Users/wg/.nvm/versions/node/v7.7.1/bin/npm" "run" "build"
19 error node v7.7.1
20 error npm  v4.1.2
21 error code ELIFECYCLE
22 error simple-react-app@1.0.0 build: `webpack --config webpack.prod.config.js -p --progress --colors`
22 error Exit status 1
23 error Failed at the simple-react-app@1.0.0 build script 'webpack --config webpack.prod.config.js -p --progress --colors'.
23 error Make sure you have the latest version of node.js and npm installed.
23 error If you do, this is most likely a problem with the simple-react-app package,
23 error not with npm itself.
23 error Tell the author that this fails on your system:
23 error     webpack --config webpack.prod.config.js -p --progress --colors
23 error You can get information on how to open an issue for this project with:
23 error     npm bugs simple-react-app
23 error Or if that isn't available, you can get their info via:
23 error     npm owner ls simple-react-app
23 error There is likely additional logging output above.
24 verbose exit [ 1, true ]
